<?xml version="1.0" encoding="UTF-8"?>
<!-- Generated by org.testng.reporters.JUnitXMLReporter -->
<testsuite ignored="0" hostname="LAPTOP-2UD4ILGS" failures="1" tests="9" name="Test Execution" time="89.122" errors="0" timestamp="2026-03-28T17:07:58 IST">
  <testcase classname="tests.SampleTest" name="testFail" time="0.059"/>
  <testcase classname="tests.AllConceptsTest" name="testActions" time="1.095"/>
  <testcase classname="tests.AllConceptsTest" name="testAlerts" time="0.252"/>
  <testcase classname="tests.AllConceptsTest" name="testDropdown" time="1.423"/>
  <testcase classname="tests.AllConceptsTest" name="testFrames" time="1.232"/>
  <testcase classname="tests.AllConceptsTest" name="testUpload" time="0.983">
    <skipped/>
  </testcase> <!-- testUpload -->
  <testcase classname="tests.AllConceptsTest" name="testUpload" time="1.019">
    <skipped/>
  </testcase> <!-- testUpload -->
  <testcase classname="tests.AllConceptsTest" name="testUpload" time="1.071">
    <failure type="org.openqa.selenium.InvalidArgumentException" message="invalid argument: File not found : D:	estfile.txt
  (Session info: chrome=146.0.7680.154)
Build info: version: &amp;apos;4.21.0&amp;apos;, revision: &amp;apos;79ed462ef4&amp;apos;
System info: os.name: &amp;apos;Windows 11&amp;apos;, os.arch: &amp;apos;amd64&amp;apos;, os.version: &amp;apos;10.0&amp;apos;, java.version: &amp;apos;23.0.1&amp;apos;
Driver info: org.openqa.selenium.chrome.ChromeDriver
Command: [f125e96b867110ae99d0b93962ff6c15, sendKeysToElement {value=[Ljava.lang.CharSequence;@b9a77c8, id=f.1A3E6C5BA8F8770FFFE9BF01746E0FB4.d.6E15679D217CA2891D7FD5743E0E4C21.e.12}]
Capabilities {acceptInsecureCerts: false, browserName: chrome, browserVersion: 146.0.7680.154, chrome: {chromedriverVersion: 146.0.7680.165 (4b989da09e1..., userDataDir: C:\Users\NIKITA\AppData\Loc...}, fedcm:accounts: true, goog:chromeOptions: {debuggerAddress: localhost:59723}, goog:processID: 13168, networkConnectionEnabled: false, pageLoadStrategy: normal, platformName: windows, proxy: Proxy(), se:cdp: ws://localhost:59723/devtoo..., se:cdpVersion: 146.0.7680.154, setWindowRect: true, strictFileInteractability: false, timeouts: {implicit: 0, pageLoad: 300000, script: 30000}, unhandledPromptBehavior: dismiss and notify, webauthn:extension:credBlob: true, webauthn:extension:largeBlob: true, webauthn:extension:minPinLength: true, webauthn:extension:prf: true, webauthn:virtualAuthenticators: true}
Element: [[ChromeDriver: chrome on windows (f125e96b867110ae99d0b93962ff6c15)] -&amp;gt; id: uploadFile]
Session ID: f125e96b867110ae99d0b93962ff6c15">
      <![CDATA[org.openqa.selenium.InvalidArgumentException: invalid argument: File not found : D:estfile.txt
  (Session info: chrome=146.0.7680.154)
Build info: version: '4.21.0', revision: '79ed462ef4'
System info: os.name: 'Windows 11', os.arch: 'amd64', os.version: '10.0', java.version: '23.0.1'
Driver info: org.openqa.selenium.chrome.ChromeDriver
Command: [f125e96b867110ae99d0b93962ff6c15, sendKeysToElement {value=[Ljava.lang.CharSequence;@b9a77c8, id=f.1A3E6C5BA8F8770FFFE9BF01746E0FB4.d.6E15679D217CA2891D7FD5743E0E4C21.e.12}]
Capabilities {acceptInsecureCerts: false, browserName: chrome, browserVersion: 146.0.7680.154, chrome: {chromedriverVersion: 146.0.7680.165 (4b989da09e1..., userDataDir: C:\Users\NIKITA\AppData\Loc...}, fedcm:accounts: true, goog:chromeOptions: {debuggerAddress: localhost:59723}, goog:processID: 13168, networkConnectionEnabled: false, pageLoadStrategy: normal, platformName: windows, proxy: Proxy(), se:cdp: ws://localhost:59723/devtoo..., se:cdpVersion: 146.0.7680.154, setWindowRect: true, strictFileInteractability: false, timeouts: {implicit: 0, pageLoad: 300000, script: 30000}, unhandledPromptBehavior: dismiss and notify, webauthn:extension:credBlob: true, webauthn:extension:largeBlob: true, webauthn:extension:minPinLength: true, webauthn:extension:prf: true, webauthn:virtualAuthenticators: true}
Element: [[ChromeDriver: chrome on windows (f125e96b867110ae99d0b93962ff6c15)] -> id: uploadFile]
Session ID: f125e96b867110ae99d0b93962ff6c15
at org.openqa.selenium.remote.ErrorCodec.decode(ErrorCodec.java:167)
at org.openqa.selenium.remote.codec.w3c.W3CHttpResponseCodec.decode(W3CHttpResponseCodec.java:138)
at org.openqa.selenium.remote.codec.w3c.W3CHttpResponseCodec.decode(W3CHttpResponseCodec.java:50)
at org.openqa.selenium.remote.HttpCommandExecutor.execute(HttpCommandExecutor.java:190)
at org.openqa.selenium.remote.service.DriverCommandExecutor.invokeExecute(DriverCommandExecutor.java:216)
at org.openqa.selenium.remote.service.DriverCommandExecutor.execute(DriverCommandExecutor.java:174)
at org.openqa.selenium.remote.RemoteWebDriver.execute(RemoteWebDriver.java:518)
at org.openqa.selenium.remote.RemoteWebElement.execute(RemoteWebElement.java:223)
at org.openqa.selenium.remote.RemoteWebElement.sendKeys(RemoteWebElement.java:110)
at pages.UploadPage.uploadFile(UploadPage.java:16)
at tests.AllConceptsTest.testUpload(AllConceptsTest.java:39)
at java.base/java.util.ArrayList.forEach(ArrayList.java:1597)
... Removed 28 stack frames]]>
    </failure>
  </testcase> <!-- testUpload -->
  <testcase classname="tests.AllConceptsTest" name="testWindows" time="1.581"/>
</testsuite> <!-- Test Execution -->
