<?xml version="1.0" encoding="UTF-8"?>
<!-- Generated by org.testng.reporters.JUnitReportReporter -->
<testsuite hostname="LAPTOP-2UD4ILGS" failures="0" tests="8" name="tests.AllConceptsTest" time="84.825" errors="1" timestamp="2026-03-28T17:07:59 IST" skipped="2">
  <testcase classname="tests.AllConceptsTest" name="testUpload" time="8.821">
    <skipped/>
  </testcase> <!-- testUpload -->
  <testcase classname="tests.AllConceptsTest" name="testAlerts" time="8.340"/>
  <testcase classname="tests.AllConceptsTest" name="testUpload" time="7.654">
    <skipped/>
  </testcase> <!-- testUpload -->
  <testcase classname="tests.AllConceptsTest" name="testDropdown" time="15.773"/>
  <testcase classname="tests.AllConceptsTest" name="testWindows" time="8.425"/>
  <testcase classname="tests.AllConceptsTest" name="testUpload" time="10.616">
    <error message="invalid argument: File not found : D:	estfile.txt
  (Session info: chrome=146.0.7680.154)
Build info: version: &#039;4.21.0&#039;, revision: &#039;79ed462ef4&#039;
System info: os.name: &#039;Windows 11&#039;, os.arch: &#039;amd64&#039;, os.version: &#039;10.0&#039;, java.version: &#039;23.0.1&#039;
Driver info: org.openqa.selenium.chrome.ChromeDriver
Command: [f125e96b867110ae99d0b93962ff6c15, sendKeysToElement {value=[Ljava.lang.CharSequence;@b9a77c8, id=f.1A3E6C5BA8F8770FFFE9BF01746E0FB4.d.6E15679D217CA2891D7FD5743E0E4C21.e.12}]
Capabilities {acceptInsecureCerts: false, browserName: chrome, browserVersion: 146.0.7680.154, chrome: {chromedriverVersion: 146.0.7680.165 (4b989da09e1..., userDataDir: C:\Users\NIKITA\AppData\Loc...}, fedcm:accounts: true, goog:chromeOptions: {debuggerAddress: localhost:59723}, goog:processID: 13168, networkConnectionEnabled: false, pageLoadStrategy: normal, platformName: windows, proxy: Proxy(), se:cdp: ws://localhost:59723/devtoo..., se:cdpVersion: 146.0.7680.154, setWindowRect: true, strictFileInteractability: false, timeouts: {implicit: 0, pageLoad: 300000, script: 30000}, unhandledPromptBehavior: dismiss and notify, webauthn:extension:credBlob: true, webauthn:extension:largeBlob: true, webauthn:extension:minPinLength: true, webauthn:extension:prf: true, webauthn:virtualAuthenticators: true}
Element: [[ChromeDriver: chrome on windows (f125e96b867110ae99d0b93962ff6c15)] -&gt; id: uploadFile]
Session ID: f125e96b867110ae99d0b93962ff6c15" type="org.openqa.selenium.InvalidArgumentException">
      <![CDATA[org.openqa.selenium.InvalidArgumentException: invalid argument: File not found : D:estfile.txt
  (Session info: chrome=146.0.7680.154)
Build info: version: '4.21.0', revision: '79ed462ef4'
System info: os.name: 'Windows 11', os.arch: 'amd64', os.version: '10.0', java.version: '23.0.1'
Driver info: org.openqa.selenium.chrome.ChromeDriver
Command: [f125e96b867110ae99d0b93962ff6c15, sendKeysToElement {value=[Ljava.lang.CharSequence;@b9a77c8, id=f.1A3E6C5BA8F8770FFFE9BF01746E0FB4.d.6E15679D217CA2891D7FD5743E0E4C21.e.12}]
Capabilities {acceptInsecureCerts: false, browserName: chrome, browserVersion: 146.0.7680.154, chrome: {chromedriverVersion: 146.0.7680.165 (4b989da09e1..., userDataDir: C:\Users\NIKITA\AppData\Loc...}, fedcm:accounts: true, goog:chromeOptions: {debuggerAddress: localhost:59723}, goog:processID: 13168, networkConnectionEnabled: false, pageLoadStrategy: normal, platformName: windows, proxy: Proxy(), se:cdp: ws://localhost:59723/devtoo..., se:cdpVersion: 146.0.7680.154, setWindowRect: true, strictFileInteractability: false, timeouts: {implicit: 0, pageLoad: 300000, script: 30000}, unhandledPromptBehavior: dismiss and notify, webauthn:extension:credBlob: true, webauthn:extension:largeBlob: true, webauthn:extension:minPinLength: true, webauthn:extension:prf: true, webauthn:virtualAuthenticators: true}
Element: [[ChromeDriver: chrome on windows (f125e96b867110ae99d0b93962ff6c15)] -> id: uploadFile]
Session ID: f125e96b867110ae99d0b93962ff6c15
at java.base/jdk.internal.reflect.DirectConstructorHandleAccessor.newInstance(DirectConstructorHandleAccessor.java:62)
at java.base/java.lang.reflect.Constructor.newInstanceWithCaller(Constructor.java:501)
at java.base/java.lang.reflect.Constructor.newInstance(Constructor.java:485)
at org.openqa.selenium.remote.ErrorCodec.decode(ErrorCodec.java:167)
at org.openqa.selenium.remote.codec.w3c.W3CHttpResponseCodec.decode(W3CHttpResponseCodec.java:138)
at org.openqa.selenium.remote.codec.w3c.W3CHttpResponseCodec.decode(W3CHttpResponseCodec.java:50)
at org.openqa.selenium.remote.HttpCommandExecutor.execute(HttpCommandExecutor.java:190)
at org.openqa.selenium.remote.service.DriverCommandExecutor.invokeExecute(DriverCommandExecutor.java:216)
at org.openqa.selenium.remote.service.DriverCommandExecutor.execute(DriverCommandExecutor.java:174)
at org.openqa.selenium.remote.RemoteWebDriver.execute(RemoteWebDriver.java:518)
at org.openqa.selenium.remote.RemoteWebElement.execute(RemoteWebElement.java:223)
at org.openqa.selenium.remote.RemoteWebElement.sendKeys(RemoteWebElement.java:110)
at pages.UploadPage.uploadFile(UploadPage.java:16)
at tests.AllConceptsTest.testUpload(AllConceptsTest.java:39)
at java.base/jdk.internal.reflect.DirectMethodHandleAccessor.invoke(DirectMethodHandleAccessor.java:103)
at java.base/java.lang.reflect.Method.invoke(Method.java:580)
at org.testng.internal.invokers.MethodInvocationHelper.invokeMethod(MethodInvocationHelper.java:141)
at org.testng.internal.invokers.TestInvoker.invokeMethod(TestInvoker.java:686)
at org.testng.internal.invokers.TestInvoker.retryFailed(TestInvoker.java:269)
at org.testng.internal.invokers.MethodRunner.runInSequence(MethodRunner.java:76)
at org.testng.internal.invokers.TestInvoker$MethodInvocationAgent.invoke(TestInvoker.java:992)
at org.testng.internal.invokers.TestInvoker.invokeTestMethods(TestInvoker.java:203)
at org.testng.internal.invokers.TestMethodWorker.invokeTestMethods(TestMethodWorker.java:154)
at org.testng.internal.invokers.TestMethodWorker.run(TestMethodWorker.java:134)
at java.base/java.util.ArrayList.forEach(ArrayList.java:1597)
at org.testng.TestRunner.privateRun(TestRunner.java:739)
at org.testng.TestRunner.run(TestRunner.java:614)
at org.testng.SuiteRunner.runTest(SuiteRunner.java:421)
at org.testng.SuiteRunner.runSequentially(SuiteRunner.java:413)
at org.testng.SuiteRunner.privateRun(SuiteRunner.java:373)
at org.testng.SuiteRunner.run(SuiteRunner.java:312)
at org.testng.SuiteRunnerWorker.runSuite(SuiteRunnerWorker.java:52)
at org.testng.SuiteRunnerWorker.run(SuiteRunnerWorker.java:95)
at org.testng.TestNG.runSuitesSequentially(TestNG.java:1274)
at org.testng.TestNG.runSuitesLocally(TestNG.java:1208)
at org.testng.TestNG.runSuites(TestNG.java:1112)
at org.testng.TestNG.run(TestNG.java:1079)
at org.testng.remote.AbstractRemoteTestNG.run(AbstractRemoteTestNG.java:115)
at org.testng.remote.RemoteTestNG.initAndRun(RemoteTestNG.java:293)
at org.testng.remote.RemoteTestNG.main(RemoteTestNG.java:91)
]]>
    </error>
  </testcase> <!-- testUpload -->
  <testcase classname="tests.AllConceptsTest" name="testActions" time="9.502"/>
  <testcase classname="tests.AllConceptsTest" name="testFrames" time="15.694"/>
</testsuite> <!-- tests.AllConceptsTest -->
